Build started 12/22/2011 9:20:24 PM.
     1>Project "C:\Users\Me\Desktop\RTS\Testin\Testin\Testin.vcxproj" on node 2 (build target(s)).
     1>InitializeBuildStatus:
         Touching "Release\Testin.unsuccessfulbuild".
       ClCompile:
         c:\Program Files (x86)\Microsoft Visual Studio 10.0\VC\bin\CL.exe /c /I..\SFML\include /Zi /nologo /W3 /WX- /O2 /Oi /Oy- /GL /D WIN32 /D NDEBUG /D _CONSOLE /D _UNICODE /D UNICODE /Gm- /EHsc /MD /GS /Gy /fp:precise /Zc:wchar_t /Zc:forScope /Fo"Release\\" /Fd"Release\vc100.pdb" /Gd /TP /analyze- /errorReport:prompt Engine.cpp ImageManager.cpp main.cpp Tile.cpp
         Engine.cpp
     1>c:\users\me\desktop\rts\testin\testin\Engine.h(3): fatal error C1083: Cannot open include file: 'SFML\Graphics.hpp': No such file or directory
         ImageManager.cpp
     1>c:\users\me\desktop\rts\testin\testin\ImageManager.h(3): fatal error C1083: Cannot open include file: 'SFML\Graphics.hpp': No such file or directory
         main.cpp
     1>c:\users\me\desktop\rts\testin\testin\Engine.h(3): fatal error C1083: Cannot open include file: 'SFML\Graphics.hpp': No such file or directory
         Tile.cpp
     1>c:\users\me\desktop\rts\testin\testin\Tile.h(3): fatal error C1083: Cannot open include file: 'SFML\Graphics.hpp': No such file or directory
     1>Done Building Project "C:\Users\Me\Desktop\RTS\Testin\Testin\Testin.vcxproj" (build target(s)) -- FAILED.

Build FAILED.

Time Elapsed 00:00:00.88
